# JRE version: Java(TM) SE Runtime Environment (8.0_191-b12) (build 1.8.0_191-b12)
# Java VM: Java HotSpot(TM) 64-Bit Server VM (25.191-b12 mixed mode linux-amd64 compressed oops)
Heap:
 PSYoungGen      total 59392K, used 4085K [0x00000000f5900000, 0x00000000f9700000, 0x0000000100000000)
  eden space 55296K, 0% used [0x00000000f5900000,0x00000000f5900000,0x00000000f8f00000)
  from space 4096K, 99% used [0x00000000f8f00000,0x00000000f92fd7d0,0x00000000f9300000)
  to   space 4096K, 0% used [0x00000000f9300000,0x00000000f9300000,0x00000000f9700000)
 ParOldGen       total 19456K, used 8916K [0x00000000e0a00000, 0x00000000e1d00000, 0x00000000f5900000)
  object space 19456K, 45% used [0x00000000e0a00000,0x00000000e12b52e0,0x00000000e1d00000)
 Metaspace       used 23282K, capacity 24070K, committed 24192K, reserved 1071104K
  class space    used 3129K, capacity 3347K, committed 3456K, reserved 1048576K
GC Heap History (10 events):
Event: 3,872 GC heap after
Heap after GC invocations=7 (full 0):
 PSYoungGen      total 19968K, used 2016K [0x00000000f5900000, 0x00000000f8000000, 0x0000000100000000)
  eden space 17408K, 0% used [0x00000000f5900000,0x00000000f5900000,0x00000000f6a00000)
  from space 2560K, 78% used [0x00000000f6a00000,0x00000000f6bf8000,0x00000000f6c80000)
  to   space 2560K, 0% used [0x00000000f7d80000,0x00000000f7d80000,0x00000000f8000000)
 ParOldGen       total 22016K, used 5126K [0x00000000e0a00000, 0x00000000e1f80000, 0x00000000f5900000)
  object space 22016K, 23% used [0x00000000e0a00000,0x00000000e0f01958,0x00000000e1f80000)
 Metaspace       used 14448K, capacity 14918K, committed 15232K, reserved 1062912K
  class space    used 1967K, capacity 2125K, committed 2176K, reserved 1048576K
}
Event: 4,370 GC heap before
{Heap before GC invocations=8 (full 0):
 PSYoungGen      total 19968K, used 19424K [0x00000000f5900000, 0x00000000f8000000, 0x0000000100000000)
  eden space 17408K, 100% used [0x00000000f5900000,0x00000000f6a00000,0x00000000f6a00000)
  from space 2560K, 78% used [0x00000000f6a00000,0x00000000f6bf8000,0x00000000f6c80000)
  to   space 2560K, 0% used [0x00000000f7d80000,0x00000000f7d80000,0x00000000f8000000)
 ParOldGen       total 22016K, used 5126K [0x00000000e0a00000, 0x00000000e1f80000, 0x00000000f5900000)
  object space 22016K, 23% used [0x00000000e0a00000,0x00000000e0f01958,0x00000000e1f80000)
 Metaspace       used 15979K, capacity 16458K, committed 16768K, reserved 1062912K
  class space    used 2166K, capacity 2331K, committed 2432K, reserved 1048576K
Event: 4,421 GC heap after
Heap after GC invocations=8 (full 0):
 PSYoungGen      total 36864K, used 2550K [0x00000000f5900000, 0x00000000f8100000, 0x0000000100000000)
  eden space 34304K, 0% used [0x00000000f5900000,0x00000000f5900000,0x00000000f7a80000)
  from space 2560K, 99% used [0x00000000f7d80000,0x00000000f7ffd950,0x00000000f8000000)
  to   space 3072K, 0% used [0x00000000f7a80000,0x00000000f7a80000,0x00000000f7d80000)
 ParOldGen       total 22016K, used 5733K [0x00000000e0a00000, 0x00000000e1f80000, 0x00000000f5900000)
  object space 22016K, 26% used [0x00000000e0a00000,0x00000000e0f995f0,0x00000000e1f80000)
 Metaspace       used 15979K, capacity 16458K, committed 16768K, reserved 1062912K
  class space    used 2166K, capacity 2331K, committed 2432K, reserved 1048576K
}
Event: 5,173 GC heap before
{Heap before GC invocations=9 (full 0):
 PSYoungGen      total 36864K, used 36854K [0x00000000f5900000, 0x00000000f8100000, 0x0000000100000000)
  eden space 34304K, 100% used [0x00000000f5900000,0x00000000f7a80000,0x00000000f7a80000)
  from space 2560K, 99% used [0x00000000f7d80000,0x00000000f7ffd950,0x00000000f8000000)
  to   space 3072K, 0% used [0x00000000f7a80000,0x00000000f7a80000,0x00000000f7d80000)
 ParOldGen       total 22016K, used 5733K [0x00000000e0a00000, 0x00000000e1f80000, 0x00000000f5900000)
  object space 22016K, 26% used [0x00000000e0a00000,0x00000000e0f995f0,0x00000000e1f80000)
 Metaspace       used 20340K, capacity 20894K, committed 21120K, reserved 1067008K
  class space    used 2702K, capacity 2877K, committed 2944K, reserved 1048576K
Event: 5,185 GC heap after
Heap after GC invocations=9 (full 0):
 PSYoungGen      total 37376K, used 3042K [0x00000000f5900000, 0x00000000f9700000, 0x0000000100000000)
  eden space 34304K, 0% used [0x00000000f5900000,0x00000000f5900000,0x00000000f7a80000)
  from space 3072K, 99% used [0x00000000f7a80000,0x00000000f7d78880,0x00000000f7d80000)
  to   space 4096K, 0% used [0x00000000f9300000,0x00000000f9300000,0x00000000f9700000)
 ParOldGen       total 22016K, used 7765K [0x00000000e0a00000, 0x00000000e1f80000, 0x00000000f5900000)
  object space 22016K, 35% used [0x00000000e0a00000,0x00000000e11954d0,0x00000000e1f80000)
 Metaspace       used 20340K, capacity 20894K, committed 21120K, reserved 1067008K
  class space    used 2702K, capacity 2877K, committed 2944K, reserved 1048576K
}
Event: 5,237 GC heap before
{Heap before GC invocations=10 (full 0):
 PSYoungGen      total 37376K, used 4480K [0x00000000f5900000, 0x00000000f9700000, 0x0000000100000000)
  eden space 34304K, 4% used [0x00000000f5900000,0x00000000f5a67a48,0x00000000f7a80000)
  from space 3072K, 99% used [0x00000000f7a80000,0x00000000f7d78880,0x00000000f7d80000)
  to   space 4096K, 0% used [0x00000000f9300000,0x00000000f9300000,0x00000000f9700000)
 ParOldGen       total 22016K, used 7765K [0x00000000e0a00000, 0x00000000e1f80000, 0x00000000f5900000)
  object space 22016K, 35% used [0x00000000e0a00000,0x00000000e11954d0,0x00000000e1f80000)
 Metaspace       used 20735K, capacity 21290K, committed 21296K, reserved 1067008K
  class space    used 2752K, capacity 2943K, committed 2944K, reserved 1048576K
Event: 5,243 GC heap after
Heap after GC invocations=10 (full 0):
 PSYoungGen      total 59392K, used 1142K [0x00000000f5900000, 0x00000000f9700000, 0x0000000100000000)
  eden space 55296K, 0% used [0x00000000f5900000,0x00000000f5900000,0x00000000f8f00000)
  from space 4096K, 27% used [0x00000000f9300000,0x00000000f941db10,0x00000000f9700000)
  to   space 4096K, 0% used [0x00000000f8f00000,0x00000000f8f00000,0x00000000f9300000)
 ParOldGen       total 22016K, used 8607K [0x00000000e0a00000, 0x00000000e1f80000, 0x00000000f5900000)
  object space 22016K, 39% used [0x00000000e0a00000,0x00000000e1267f78,0x00000000e1f80000)
 Metaspace       used 20735K, capacity 21290K, committed 21296K, reserved 1067008K
  class space    used 2752K, capacity 2943K, committed 2944K, reserved 1048576K
}
Event: 5,243 GC heap before
{Heap before GC invocations=11 (full 1):
 PSYoungGen      total 59392K, used 1142K [0x00000000f5900000, 0x00000000f9700000, 0x0000000100000000)
  eden space 55296K, 0% used [0x00000000f5900000,0x00000000f5900000,0x00000000f8f00000)
  from space 4096K, 27% used [0x00000000f9300000,0x00000000f941db10,0x00000000f9700000)
  to   space 4096K, 0% used [0x00000000f8f00000,0x00000000f8f00000,0x00000000f9300000)
 ParOldGen       total 22016K, used 8607K [0x00000000e0a00000, 0x00000000e1f80000, 0x00000000f5900000)
  object space 22016K, 39% used [0x00000000e0a00000,0x00000000e1267f78,0x00000000e1f80000)
 Metaspace       used 20735K, capacity 21290K, committed 21296K, reserved 1067008K
  class space    used 2752K, capacity 2943K, committed 2944K, reserved 1048576K
Event: 5,280 GC heap after
Heap after GC invocations=11 (full 1):
 PSYoungGen      total 59392K, used 0K [0x00000000f5900000, 0x00000000f9700000, 0x0000000100000000)
  eden space 55296K, 0% used [0x00000000f5900000,0x00000000f5900000,0x00000000f8f00000)
  from space 4096K, 0% used [0x00000000f9300000,0x00000000f9300000,0x00000000f9700000)
  to   space 4096K, 0% used [0x00000000f8f00000,0x00000000f8f00000,0x00000000f9300000)
 ParOldGen       total 19456K, used 7627K [0x00000000e0a00000, 0x00000000e1d00000, 0x00000000f5900000)
  object space 19456K, 39% used [0x00000000e0a00000,0x00000000e1172cd0,0x00000000e1d00000)
 Metaspace       used 20733K, capacity 21284K, committed 21296K, reserved 1067008K
  class space    used 2751K, capacity 2942K, committed 2944K, reserved 1048576K
}
Event: 8,776 GC heap before
{Heap before GC invocations=12 (full 1):
 PSYoungGen      total 59392K, used 55296K [0x00000000f5900000, 0x00000000f9700000, 0x0000000100000000)
  eden space 55296K, 100% used [0x00000000f5900000,0x00000000f8f00000,0x00000000f8f00000)
  from space 4096K, 0% used [0x00000000f9300000,0x00000000f9300000,0x00000000f9700000)
  to   space 4096K, 0% used [0x00000000f8f00000,0x00000000f8f00000,0x00000000f9300000)
 ParOldGen       total 19456K, used 7627K [0x00000000e0a00000, 0x00000000e1d00000, 0x00000000f5900000)
  object space 19456K, 39% used [0x00000000e0a00000,0x00000000e1172cd0,0x00000000e1d00000)
 Metaspace       used 23282K, capacity 24070K, committed 24192K, reserved 1071104K
  class space    used 3129K, capacity 3347K, committed 3456K, reserved 1048576K

