# JRE version: Java(TM) SE Runtime Environment (8.0_191-b12) (build 1.8.0_191-b12)
# Java VM: Java HotSpot(TM) 64-Bit Server VM (25.191-b12 mixed mode linux-amd64 compressed oops)
Heap:
 PSYoungGen      total 59392K, used 4078K [0x00000000f5900000, 0x00000000f9700000, 0x0000000100000000)
  eden space 55296K, 0% used [0x00000000f5900000,0x00000000f5900000,0x00000000f8f00000)
  from space 4096K, 99% used [0x00000000f8f00000,0x00000000f92fb938,0x00000000f9300000)
  to   space 4096K, 0% used [0x00000000f9300000,0x00000000f9300000,0x00000000f9700000)
 ParOldGen       total 23040K, used 9786K [0x00000000e0a00000, 0x00000000e2080000, 0x00000000f5900000)
  object space 23040K, 42% used [0x00000000e0a00000,0x00000000e138e9f0,0x00000000e2080000)
 Metaspace       used 24084K, capacity 24904K, committed 24960K, reserved 1071104K
  class space    used 3223K, capacity 3424K, committed 3456K, reserved 1048576K
GC Heap History (10 events):
Event: 3,617 GC heap after
Heap after GC invocations=7 (full 0):
 PSYoungGen      total 19968K, used 2399K [0x00000000f5900000, 0x00000000f8000000, 0x0000000100000000)
  eden space 17408K, 0% used [0x00000000f5900000,0x00000000f5900000,0x00000000f6a00000)
  from space 2560K, 93% used [0x00000000f6a00000,0x00000000f6c57d20,0x00000000f6c80000)
  to   space 2560K, 0% used [0x00000000f7d80000,0x00000000f7d80000,0x00000000f8000000)
 ParOldGen       total 22016K, used 4947K [0x00000000e0a00000, 0x00000000e1f80000, 0x00000000f5900000)
  object space 22016K, 22% used [0x00000000e0a00000,0x00000000e0ed4ee0,0x00000000e1f80000)
 Metaspace       used 14762K, capacity 15136K, committed 15488K, reserved 1062912K
  class space    used 1976K, capacity 2092K, committed 2176K, reserved 1048576K
}
Event: 3,721 GC heap before
{Heap before GC invocations=8 (full 0):
 PSYoungGen      total 19968K, used 19807K [0x00000000f5900000, 0x00000000f8000000, 0x0000000100000000)
  eden space 17408K, 100% used [0x00000000f5900000,0x00000000f6a00000,0x00000000f6a00000)
  from space 2560K, 93% used [0x00000000f6a00000,0x00000000f6c57d20,0x00000000f6c80000)
  to   space 2560K, 0% used [0x00000000f7d80000,0x00000000f7d80000,0x00000000f8000000)
 ParOldGen       total 22016K, used 4955K [0x00000000e0a00000, 0x00000000e1f80000, 0x00000000f5900000)
  object space 22016K, 22% used [0x00000000e0a00000,0x00000000e0ed6dd8,0x00000000e1f80000)
 Metaspace       used 16015K, capacity 16484K, committed 16768K, reserved 1062912K
  class space    used 2178K, capacity 2326K, committed 2432K, reserved 1048576K
Event: 3,726 GC heap after
Heap after GC invocations=8 (full 0):
 PSYoungGen      total 36864K, used 2542K [0x00000000f5900000, 0x00000000f8100000, 0x0000000100000000)
  eden space 34304K, 0% used [0x00000000f5900000,0x00000000f5900000,0x00000000f7a80000)
  from space 2560K, 99% used [0x00000000f7d80000,0x00000000f7ffb860,0x00000000f8000000)
  to   space 3072K, 0% used [0x00000000f7a80000,0x00000000f7a80000,0x00000000f7d80000)
 ParOldGen       total 22016K, used 5420K [0x00000000e0a00000, 0x00000000e1f80000, 0x00000000f5900000)
  object space 22016K, 24% used [0x00000000e0a00000,0x00000000e0f4b160,0x00000000e1f80000)
 Metaspace       used 16015K, capacity 16484K, committed 16768K, reserved 1062912K
  class space    used 2178K, capacity 2326K, committed 2432K, reserved 1048576K
}
Event: 4,494 GC heap before
{Heap before GC invocations=9 (full 0):
 PSYoungGen      total 36864K, used 36846K [0x00000000f5900000, 0x00000000f8100000, 0x0000000100000000)
  eden space 34304K, 100% used [0x00000000f5900000,0x00000000f7a80000,0x00000000f7a80000)
  from space 2560K, 99% used [0x00000000f7d80000,0x00000000f7ffb860,0x00000000f8000000)
  to   space 3072K, 0% used [0x00000000f7a80000,0x00000000f7a80000,0x00000000f7d80000)
 ParOldGen       total 22016K, used 5429K [0x00000000e0a00000, 0x00000000e1f80000, 0x00000000f5900000)
  object space 22016K, 24% used [0x00000000e0a00000,0x00000000e0f4d6c8,0x00000000e1f80000)
 Metaspace       used 19653K, capacity 20210K, committed 20480K, reserved 1067008K
  class space    used 2612K, capacity 2793K, committed 2816K, reserved 1048576K
Event: 4,518 GC heap after
Heap after GC invocations=9 (full 0):
 PSYoungGen      total 37376K, used 3065K [0x00000000f5900000, 0x00000000f9700000, 0x0000000100000000)
  eden space 34304K, 0% used [0x00000000f5900000,0x00000000f5900000,0x00000000f7a80000)
  from space 3072K, 99% used [0x00000000f7a80000,0x00000000f7d7e490,0x00000000f7d80000)
  to   space 4096K, 0% used [0x00000000f9300000,0x00000000f9300000,0x00000000f9700000)
 ParOldGen       total 22016K, used 7708K [0x00000000e0a00000, 0x00000000e1f80000, 0x00000000f5900000)
  object space 22016K, 35% used [0x00000000e0a00000,0x00000000e11873e8,0x00000000e1f80000)
 Metaspace       used 19653K, capacity 20210K, committed 20480K, reserved 1067008K
  class space    used 2612K, capacity 2793K, committed 2816K, reserved 1048576K
}
Event: 4,801 GC heap before
{Heap before GC invocations=10 (full 0):
 PSYoungGen      total 37376K, used 16546K [0x00000000f5900000, 0x00000000f9700000, 0x0000000100000000)
  eden space 34304K, 39% used [0x00000000f5900000,0x00000000f662a6d0,0x00000000f7a80000)
  from space 3072K, 99% used [0x00000000f7a80000,0x00000000f7d7e490,0x00000000f7d80000)
  to   space 4096K, 0% used [0x00000000f9300000,0x00000000f9300000,0x00000000f9700000)
 ParOldGen       total 22016K, used 7708K [0x00000000e0a00000, 0x00000000e1f80000, 0x00000000f5900000)
  object space 22016K, 35% used [0x00000000e0a00000,0x00000000e11873e8,0x00000000e1f80000)
 Metaspace       used 20632K, capacity 21250K, committed 21296K, reserved 1067008K
  class space    used 2757K, capacity 2929K, committed 2944K, reserved 1048576K
Event: 4,810 GC heap after
Heap after GC invocations=10 (full 0):
 PSYoungGen      total 59392K, used 2244K [0x00000000f5900000, 0x00000000f9700000, 0x0000000100000000)
  eden space 55296K, 0% used [0x00000000f5900000,0x00000000f5900000,0x00000000f8f00000)
  from space 4096K, 54% used [0x00000000f9300000,0x00000000f9531390,0x00000000f9700000)
  to   space 4096K, 0% used [0x00000000f8f00000,0x00000000f8f00000,0x00000000f9300000)
 ParOldGen       total 22016K, used 8532K [0x00000000e0a00000, 0x00000000e1f80000, 0x00000000f5900000)
  object space 22016K, 38% used [0x00000000e0a00000,0x00000000e12553f8,0x00000000e1f80000)
 Metaspace       used 20632K, capacity 21250K, committed 21296K, reserved 1067008K
  class space    used 2757K, capacity 2929K, committed 2944K, reserved 1048576K
}
Event: 4,810 GC heap before
{Heap before GC invocations=11 (full 1):
 PSYoungGen      total 59392K, used 2244K [0x00000000f5900000, 0x00000000f9700000, 0x0000000100000000)
  eden space 55296K, 0% used [0x00000000f5900000,0x00000000f5900000,0x00000000f8f00000)
  from space 4096K, 54% used [0x00000000f9300000,0x00000000f9531390,0x00000000f9700000)
  to   space 4096K, 0% used [0x00000000f8f00000,0x00000000f8f00000,0x00000000f9300000)
 ParOldGen       total 22016K, used 8532K [0x00000000e0a00000, 0x00000000e1f80000, 0x00000000f5900000)
  object space 22016K, 38% used [0x00000000e0a00000,0x00000000e12553f8,0x00000000e1f80000)
 Metaspace       used 20632K, capacity 21250K, committed 21296K, reserved 1067008K
  class space    used 2757K, capacity 2929K, committed 2944K, reserved 1048576K
Event: 4,906 GC heap after
Heap after GC invocations=11 (full 1):
 PSYoungGen      total 59392K, used 0K [0x00000000f5900000, 0x00000000f9700000, 0x0000000100000000)
  eden space 55296K, 0% used [0x00000000f5900000,0x00000000f5900000,0x00000000f8f00000)
  from space 4096K, 0% used [0x00000000f9300000,0x00000000f9300000,0x00000000f9700000)
  to   space 4096K, 0% used [0x00000000f8f00000,0x00000000f8f00000,0x00000000f9300000)
 ParOldGen       total 23040K, used 8191K [0x00000000e0a00000, 0x00000000e2080000, 0x00000000f5900000)
  object space 23040K, 35% used [0x00000000e0a00000,0x00000000e11ffc18,0x00000000e2080000)
 Metaspace       used 20632K, capacity 21250K, committed 21296K, reserved 1067008K
  class space    used 2757K, capacity 2929K, committed 2944K, reserved 1048576K
}
Event: 7,058 GC heap before
{Heap before GC invocations=12 (full 1):
 PSYoungGen      total 59392K, used 55296K [0x00000000f5900000, 0x00000000f9700000, 0x0000000100000000)
  eden space 55296K, 100% used [0x00000000f5900000,0x00000000f8f00000,0x00000000f8f00000)
  from space 4096K, 0% used [0x00000000f9300000,0x00000000f9300000,0x00000000f9700000)
  to   space 4096K, 0% used [0x00000000f8f00000,0x00000000f8f00000,0x00000000f9300000)
 ParOldGen       total 23040K, used 8191K [0x00000000e0a00000, 0x00000000e2080000, 0x00000000f5900000)
  object space 23040K, 35% used [0x00000000e0a00000,0x00000000e11ffc18,0x00000000e2080000)
 Metaspace       used 24084K, capacity 24904K, committed 24960K, reserved 1071104K
  class space    used 3223K, capacity 3424K, committed 3456K, reserved 1048576K

